<?xml version="1.0" encoding="UTF-8"?>
<testng-results ignored="0" total="3" passed="3" failed="0" skipped="0">
  <reporter-output>
  </reporter-output>
  <suite started-at="2022-11-03T20:37:11 IST" name="Default suite" finished-at="2022-11-03T20:37:52 IST" duration-ms="41357">
    <groups>
      <group name="cucumber">
        <method signature="AbstractTestNGCucumberTests.runScenario(io.cucumber.testng.PickleWrapper,io.cucumber.testng.FeatureWrapper)[pri:0, instance:runner.TestRunner@41a0aa7d]" name="runScenario" class="io.cucumber.testng.AbstractTestNGCucumberTests"/>
      </group> <!-- cucumber -->
    </groups>
    <test started-at="2022-11-03T20:37:11 IST" name="Default test" finished-at="2022-11-03T20:37:52 IST" duration-ms="41357">
      <class name="runner.TestRunner">
        <test-method is-config="true" signature="setUpClass(org.testng.ITestContext)[pri:0, instance:runner.TestRunner@41a0aa7d]" started-at="2022-11-03T20:37:11 IST" name="setUpClass" finished-at="2022-11-03T20:37:11 IST" duration-ms="336" status="PASS">
          <params>
            <param index="0">
              <value>
                <![CDATA[org.testng.TestRunner@617449dd]]>
              </value>
            </param>
          </params>
          <reporter-output>
          </reporter-output>
        </test-method> <!-- setUpClass -->
        <test-method signature="runScenario(io.cucumber.testng.PickleWrapper,io.cucumber.testng.FeatureWrapper)[pri:0, instance:runner.TestRunner@41a0aa7d]" started-at="2022-11-03T20:37:11 IST" name="runScenario" description="Runs Cucumber Scenarios" data-provider="scenarios" finished-at="2022-11-03T20:37:26 IST" duration-ms="15285" status="PASS">
          <params>
            <param index="0">
              <value>
                <![CDATA["QA Click login DDT Test"]]>
              </value>
            </param>
            <param index="1">
              <value>
                <![CDATA["QA Click Login"]]>
              </value>
            </param>
          </params>
          <reporter-output>
          </reporter-output>
        </test-method> <!-- runScenario -->
        <test-method signature="runScenario(io.cucumber.testng.PickleWrapper,io.cucumber.testng.FeatureWrapper)[pri:0, instance:runner.TestRunner@41a0aa7d]" started-at="2022-11-03T20:37:26 IST" name="runScenario" description="Runs Cucumber Scenarios" data-provider="scenarios" finished-at="2022-11-03T20:37:39 IST" duration-ms="12959" status="PASS">
          <params>
            <param index="0">
              <value>
                <![CDATA["QA Click login DDT Test"]]>
              </value>
            </param>
            <param index="1">
              <value>
                <![CDATA["QA Click Login"]]>
              </value>
            </param>
          </params>
          <reporter-output>
          </reporter-output>
        </test-method> <!-- runScenario -->
        <test-method signature="runScenario(io.cucumber.testng.PickleWrapper,io.cucumber.testng.FeatureWrapper)[pri:0, instance:runner.TestRunner@41a0aa7d]" started-at="2022-11-03T20:37:39 IST" name="runScenario" description="Runs Cucumber Scenarios" data-provider="scenarios" finished-at="2022-11-03T20:37:52 IST" duration-ms="12721" status="PASS">
          <params>
            <param index="0">
              <value>
                <![CDATA["QA Click login DDT Test"]]>
              </value>
            </param>
            <param index="1">
              <value>
                <![CDATA["QA Click Login"]]>
              </value>
            </param>
          </params>
          <reporter-output>
          </reporter-output>
        </test-method> <!-- runScenario -->
        <test-method is-config="true" signature="tearDownClass()[pri:0, instance:runner.TestRunner@41a0aa7d]" started-at="2022-11-03T20:37:52 IST" name="tearDownClass" finished-at="2022-11-03T20:37:52 IST" duration-ms="18" status="PASS">
          <reporter-output>
          </reporter-output>
        </test-method> <!-- tearDownClass -->
      </class> <!-- runner.TestRunner -->
    </test> <!-- Default test -->
  </suite> <!-- Default suite -->
</testng-results>
